This is Job  - 33830050
RUNNING TEST SUITE...


######################################################
############        OPENCL SUMMARY        ############
######################################################

                     CL_DEVICE_NAME         NVIDIA A100-PCIE-40GB
      CL_DEVICE_MAX_WORK_GROUP_SIZE                        262144
 CL_DEVICE_MAX_WORK_ITEM_DIMENSIONS                             3
      CL_DEVICE_MAX_WORK_ITEM_SIZES                1024, 1024, 64
        CL_DEVICE_MAX_COMPUTE_UNITS                           108




######################################################
############          TEST RUNS           ############
######################################################

Running tests for (m:     1000)...
	 > lws:     5...SUCCESS(  0.08)ms
	 > lws:    10...SUCCESS(  0.08)ms
	 > lws:    20...SUCCESS(  0.08)ms
	 > lws:    25...SUCCESS(  0.09)ms
	 > lws:    50...SUCCESS(  0.12)ms
	 > lws:   100...SUCCESS(  0.12)ms
	 > lws:  1000...SUCCESS(  0.65)ms
Running tests for (m:     2000)...
	 > lws:     5...SUCCESS(  0.12)ms
	 > lws:    10...SUCCESS(  0.12)ms
	 > lws:    20...SUCCESS(  0.12)ms
	 > lws:    25...SUCCESS(  0.13)ms
	 > lws:    50...SUCCESS(  0.15)ms
	 > lws:   100...SUCCESS(  0.19)ms
	 > lws:  1000...SUCCESS(  1.45)ms
Running tests for (m:     4000)...
	 > lws:     5...SUCCESS(  0.33)ms
	 > lws:    10...SUCCESS(  0.32)ms
	 > lws:    20...SUCCESS(  0.37)ms
	 > lws:    25...SUCCESS(  0.40)ms
	 > lws:    50...SUCCESS(  0.41)ms
	 > lws:   100...SUCCESS(  1.73)ms
	 > lws:  1000...SUCCESS(  7.18)ms
Running tests for (m:     5000)...
	 > lws:     5...SUCCESS(  0.64)ms
	 > lws:    10...SUCCESS(  0.63)ms
	 > lws:    20...SUCCESS(  0.66)ms
	 > lws:    25...SUCCESS(  0.63)ms
	 > lws:    50...SUCCESS(  0.82)ms
	 > lws:   100...SUCCESS(  0.70)ms
	 > lws:  1000...SUCCESS(  4.01)ms
Running tests for (m:     6000)...
	 > lws:     5...SUCCESS(  0.55)ms
	 > lws:    10...SUCCESS(  0.53)ms
	 > lws:    20...SUCCESS(  0.55)ms
	 > lws:    25...SUCCESS(  0.58)ms
	 > lws:    50...SUCCESS(  0.61)ms
	 > lws:   100...SUCCESS(  0.63)ms
	 > lws:  1000...SUCCESS(  4.91)ms
Running tests for (m:     8000)...
	 > lws:     5...SUCCESS(  1.21)ms
	 > lws:    10...SUCCESS(  1.06)ms
	 > lws:    20...SUCCESS(  1.14)ms
	 > lws:    25...SUCCESS(  1.21)ms
	 > lws:    50...SUCCESS(  1.41)ms
	 > lws:   100...SUCCESS(  1.44)ms
	 > lws:  1000...SUCCESS( 11.93)ms
Running tests for (m:    10000)...
	 > lws:     5...SUCCESS(  1.48)ms
	 > lws:    10...SUCCESS(  1.14)ms
	 > lws:    20...SUCCESS(  1.01)ms
	 > lws:    25...SUCCESS(  1.01)ms
	 > lws:    50...SUCCESS(  1.04)ms
	 > lws:   100...SUCCESS(  1.06)ms
	 > lws:  1000...SUCCESS(  8.17)ms


######################################################
############        TIMING RESULTS        ############
######################################################

	- All values in [ms].
	- Values are averaged using multiple runs skipping first (warmup).
	- First three times are fastest of the measurements.

Matrix size    Sequential (CPU)     Parallel (CPU)       Parallel (GPU)       |                LWS 5               LWS 10               LWS 20               LWS 25               LWS 50              LWS 100             LWS 1000
----------------------------------------------------------------------------------------------------------------------------------------------------------------------------------------------------------------------------------
1000           4.40                 7.52                 0.08 (10)                     |                      0.08 (5)                     0.08 (10)                     0.08 (20)                     0.09 (25)                     0.12 (50)                    0.12 (100)                   0.65 (1000)
2000           4.54                 4.35                 0.12 ( 5)                     |                      0.12 (5)                     0.12 (10)                     0.12 (20)                     0.13 (25)                     0.15 (50)                    0.19 (100)                   1.45 (1000)
4000           18.26                17.22                0.32 (10)                     |                      0.33 (5)                     0.32 (10)                     0.37 (20)                     0.40 (25)                     0.41 (50)                    1.73 (100)                   7.18 (1000)
5000           28.53                30.13                0.63 (10)                     |                      0.64 (5)                     0.63 (10)                     0.66 (20)                     0.63 (25)                     0.82 (50)                    0.70 (100)                   4.01 (1000)
6000           41.25                37.97                0.53 (10)                     |                      0.55 (5)                     0.53 (10)                     0.55 (20)                     0.58 (25)                     0.61 (50)                    0.63 (100)                   4.91 (1000)
8000           73.48                67.53                1.06 (10)                     |                      1.21 (5)                     1.06 (10)                     1.14 (20)                     1.21 (25)                     1.41 (50)                    1.44 (100)                  11.93 (1000)
10000          114.83               105.56               1.01 (20)                     |                      1.48 (5)                     1.14 (10)                     1.01 (20)                     1.01 (25)                     1.04 (50)                    1.06 (100)                   8.17 (1000)
