This is Job  - 33829994
RUNNING TEST SUITE...


######################################################
############        OPENCL SUMMARY        ############
######################################################

                     CL_DEVICE_NAME         NVIDIA A100-PCIE-40GB
      CL_DEVICE_MAX_WORK_GROUP_SIZE                        262144
 CL_DEVICE_MAX_WORK_ITEM_DIMENSIONS                             3
      CL_DEVICE_MAX_WORK_ITEM_SIZES                1024, 1024, 64
        CL_DEVICE_MAX_COMPUTE_UNITS                           108




######################################################
############          TEST RUNS           ############
######################################################

Running tests for (m:     2000)...
	 > lws:    10...SUCCESS(  0.12)ms
	 > lws:    20...SUCCESS(  0.12)ms
	 > lws:    25...SUCCESS(  0.13)ms
	 > lws:    50...SUCCESS(  0.14)ms
	 > lws:   100...SUCCESS(  0.20)ms
Running tests for (m:     4000)...
	 > lws:    10...SUCCESS(  0.32)ms
	 > lws:    20...SUCCESS(  0.37)ms
	 > lws:    25...SUCCESS(  0.40)ms
	 > lws:    50...SUCCESS(  0.41)ms
	 > lws:   100...SUCCESS(  0.51)ms
Running tests for (m:     6000)...
	 > lws:    10...SUCCESS(  0.54)ms
	 > lws:    20...SUCCESS(  0.55)ms
	 > lws:    25...SUCCESS(  0.59)ms
	 > lws:    50...SUCCESS(  0.61)ms
	 > lws:   100...SUCCESS(  0.63)ms
Running tests for (m:     8000)...
	 > lws:    10...SUCCESS(  1.06)ms
	 > lws:    20...SUCCESS(  1.14)ms
	 > lws:    25...SUCCESS(  1.14)ms
	 > lws:    50...SUCCESS(  2.10)ms
	 > lws:   100...SUCCESS(  2.79)ms
Running tests for (m:    10000)...
	 > lws:    10...SUCCESS(  1.14)ms
	 > lws:    20...SUCCESS(  1.01)ms
	 > lws:    25...SUCCESS(  1.01)ms
	 > lws:    50...SUCCESS(  1.04)ms
	 > lws:   100...SUCCESS(  1.06)ms


######################################################
############        TIMING RESULTS        ############
######################################################

	- All values in [ms].
	- Values are averaged using multiple runs skipping first (warmup).
	- First three times are fastest of the measurements.

Matrix size    Sequential (CPU)     Parallel (CPU)       Parallel (GPU)       |               LWS 10               LWS 20               LWS 25               LWS 50              LWS 100
----------------------------------------------------------------------------------------------------------------------------------------------------------------------------------------
2000           9.57                 10.57                0.12 (10)                     |                     0.12 (10)                     0.12 (20)                     0.13 (25)                     0.14 (50)                    0.20 (100)
4000           18.29                16.99                0.32 (10)                     |                     0.32 (10)                     0.37 (20)                     0.40 (25)                     0.41 (50)                    0.51 (100)
6000           41.19                41.93                0.54 (10)                     |                     0.54 (10)                     0.55 (20)                     0.59 (25)                     0.61 (50)                    0.63 (100)
8000           73.44                68.26                1.06 (10)                     |                     1.06 (10)                     1.14 (20)                     1.14 (25)                     2.10 (50)                    2.79 (100)
10000          114.69               105.22               1.01 (20)                     |                     1.14 (10)                     1.01 (20)                     1.01 (25)                     1.04 (50)                    1.06 (100)
